{"/home/sohammitra/projects/authentication/server/src/core/auth/auth.middleware.ts": {"path":"/home/sohammitra/projects/authentication/server/src/core/auth/auth.middleware.ts","statementMap":{"0":{"start":{"line":5,"column":23},"end":{"line":49,"column":null}},"1":{"start":{"line":7,"column":8},"end":{"line":35,"column":null}},"2":{"start":{"line":8,"column":26},"end":{"line":8,"column":null}},"3":{"start":{"line":10,"column":12},"end":{"line":12,"column":null}},"4":{"start":{"line":11,"column":16},"end":{"line":11,"column":null}},"5":{"start":{"line":14,"column":12},"end":{"line":34,"column":null}},"6":{"start":{"line":15,"column":35},"end":{"line":15,"column":null}},"7":{"start":{"line":21,"column":16},"end":{"line":25,"column":null}},"8":{"start":{"line":27,"column":16},"end":{"line":27,"column":null}},"9":{"start":{"line":29,"column":16},"end":{"line":33,"column":null}},"10":{"start":{"line":39,"column":8},"end":{"line":47,"column":null}},"11":{"start":{"line":40,"column":33},"end":{"line":40,"column":null}},"12":{"start":{"line":42,"column":12},"end":{"line":43,"column":null}},"13":{"start":{"line":43,"column":16},"end":{"line":43,"column":null}},"14":{"start":{"line":45,"column":12},"end":{"line":45,"column":null}},"15":{"start":{"line":46,"column":12},"end":{"line":46,"column":null}}},"fnMap":{"0":{"name":"(anonymous_0)","decl":{"start":{"line":6,"column":17},"end":{"line":6,"column":23}},"loc":{"start":{"line":6,"column":23},"end":{"line":36,"column":null}},"line":6},"1":{"name":"(anonymous_1)","decl":{"start":{"line":7,"column":15},"end":{"line":7,"column":16}},"loc":{"start":{"line":7,"column":68},"end":{"line":35,"column":null}},"line":7},"2":{"name":"(anonymous_2)","decl":{"start":{"line":38,"column":26},"end":{"line":38,"column":32}},"loc":{"start":{"line":38,"column":32},"end":{"line":48,"column":null}},"line":38},"3":{"name":"(anonymous_3)","decl":{"start":{"line":39,"column":15},"end":{"line":39,"column":16}},"loc":{"start":{"line":39,"column":68},"end":{"line":47,"column":null}},"line":39}},"branchMap":{"0":{"loc":{"start":{"line":10,"column":12},"end":{"line":12,"column":null}},"type":"if","locations":[{"start":{"line":10,"column":12},"end":{"line":12,"column":null}},{"start":{},"end":{}}],"line":10},"1":{"loc":{"start":{"line":42,"column":12},"end":{"line":43,"column":null}},"type":"if","locations":[{"start":{"line":42,"column":12},"end":{"line":43,"column":null}},{"start":{},"end":{}}],"line":42}},"s":{"0":1,"1":3,"2":3,"3":3,"4":1,"5":2,"6":2,"7":2,"8":2,"9":1,"10":2,"11":2,"12":2,"13":1,"14":1,"15":1},"f":{"0":3,"1":3,"2":2,"3":2},"b":{"0":[1,2],"1":[1,1]},"meta":{"lastBranch":2,"lastFunction":4,"lastStatement":16,"seen":{"s:5:23:49:Infinity":0,"f:6:17:6:23":0,"s:7:8:35:Infinity":1,"f:7:15:7:16":1,"s:8:26:8:Infinity":2,"b:10:12:12:Infinity:undefined:undefined:undefined:undefined":0,"s:10:12:12:Infinity":3,"s:11:16:11:Infinity":4,"s:14:12:34:Infinity":5,"s:15:35:15:Infinity":6,"s:21:16:25:Infinity":7,"s:27:16:27:Infinity":8,"s:29:16:33:Infinity":9,"f:38:26:38:32":2,"s:39:8:47:Infinity":10,"f:39:15:39:16":3,"s:40:33:40:Infinity":11,"b:42:12:43:Infinity:undefined:undefined:undefined:undefined":1,"s:42:12:43:Infinity":12,"s:43:16:43:Infinity":13,"s:45:12:45:Infinity":14,"s:46:12:46:Infinity":15}}}
,"/home/sohammitra/projects/authentication/server/src/core/auth/auth.services.ts": {"path":"/home/sohammitra/projects/authentication/server/src/core/auth/auth.services.ts","statementMap":{"0":{"start":{"line":6,"column":21},"end":{"line":180,"column":null}},"1":{"start":{"line":11,"column":23},"end":{"line":11,"column":null}},"2":{"start":{"line":13,"column":8},"end":{"line":18,"column":null}},"3":{"start":{"line":14,"column":12},"end":{"line":18,"column":null}},"4":{"start":{"line":20,"column":21},"end":{"line":20,"column":null}},"5":{"start":{"line":21,"column":35},"end":{"line":21,"column":null}},"6":{"start":{"line":23,"column":8},"end":{"line":28,"column":null}},"7":{"start":{"line":35,"column":23},"end":{"line":35,"column":null}},"8":{"start":{"line":36,"column":21},"end":{"line":36,"column":null}},"9":{"start":{"line":38,"column":8},"end":{"line":44,"column":null}},"10":{"start":{"line":39,"column":12},"end":{"line":43,"column":null}},"11":{"start":{"line":46,"column":31},"end":{"line":49,"column":null}},"12":{"start":{"line":51,"column":8},"end":{"line":56,"column":null}},"13":{"start":{"line":52,"column":12},"end":{"line":56,"column":null}},"14":{"start":{"line":58,"column":28},"end":{"line":62,"column":null}},"15":{"start":{"line":64,"column":29},"end":{"line":64,"column":null}},"16":{"start":{"line":65,"column":33},"end":{"line":65,"column":null}},"17":{"start":{"line":66,"column":26},"end":{"line":66,"column":null}},"18":{"start":{"line":68,"column":8},"end":{"line":68,"column":null}},"19":{"start":{"line":69,"column":8},"end":{"line":82,"column":null}},"20":{"start":{"line":88,"column":23},"end":{"line":88,"column":null}},"21":{"start":{"line":89,"column":21},"end":{"line":89,"column":null}},"22":{"start":{"line":91,"column":8},"end":{"line":96,"column":null}},"23":{"start":{"line":92,"column":12},"end":{"line":96,"column":null}},"24":{"start":{"line":98,"column":8},"end":{"line":107,"column":null}},"25":{"start":{"line":111,"column":26},"end":{"line":111,"column":null}},"26":{"start":{"line":112,"column":8},"end":{"line":112,"column":null}},"27":{"start":{"line":119,"column":12},"end":{"line":119,"column":null}},"28":{"start":{"line":121,"column":22},"end":{"line":121,"column":null}},"29":{"start":{"line":123,"column":8},"end":{"line":129,"column":null}},"30":{"start":{"line":124,"column":12},"end":{"line":128,"column":null}},"31":{"start":{"line":131,"column":8},"end":{"line":138,"column":null}},"32":{"start":{"line":132,"column":12},"end":{"line":132,"column":null}},"33":{"start":{"line":133,"column":12},"end":{"line":137,"column":null}},"34":{"start":{"line":141,"column":8},"end":{"line":141,"column":null}},"35":{"start":{"line":143,"column":32},"end":{"line":143,"column":null}},"36":{"start":{"line":144,"column":36},"end":{"line":144,"column":null}},"37":{"start":{"line":146,"column":38},"end":{"line":146,"column":null}},"38":{"start":{"line":148,"column":8},"end":{"line":152,"column":null}},"39":{"start":{"line":154,"column":21},"end":{"line":154,"column":null}},"40":{"start":{"line":156,"column":8},"end":{"line":162,"column":null}},"41":{"start":{"line":157,"column":12},"end":{"line":161,"column":null}},"42":{"start":{"line":164,"column":28},"end":{"line":168,"column":null}},"43":{"start":{"line":170,"column":8},"end":{"line":178,"column":null}}},"fnMap":{"0":{"name":"(anonymous_0)","decl":{"start":{"line":7,"column":12},"end":{"line":7,"column":null}},"loc":{"start":{"line":10,"column":56},"end":{"line":29,"column":null}},"line":10},"1":{"name":"(anonymous_1)","decl":{"start":{"line":31,"column":11},"end":{"line":31,"column":null}},"loc":{"start":{"line":34,"column":41},"end":{"line":83,"column":null}},"line":34},"2":{"name":"(anonymous_2)","decl":{"start":{"line":85,"column":8},"end":{"line":85,"column":null}},"loc":{"start":{"line":87,"column":56},"end":{"line":108,"column":null}},"line":87},"3":{"name":"(anonymous_3)","decl":{"start":{"line":110,"column":12},"end":{"line":110,"column":19}},"loc":{"start":{"line":110,"column":59},"end":{"line":113,"column":null}},"line":110},"4":{"name":"(anonymous_4)","decl":{"start":{"line":115,"column":13},"end":{"line":115,"column":null}},"loc":{"start":{"line":117,"column":44},"end":{"line":179,"column":null}},"line":117}},"branchMap":{"0":{"loc":{"start":{"line":13,"column":8},"end":{"line":18,"column":null}},"type":"if","locations":[{"start":{"line":13,"column":8},"end":{"line":18,"column":null}},{"start":{},"end":{}}],"line":13},"1":{"loc":{"start":{"line":38,"column":8},"end":{"line":44,"column":null}},"type":"if","locations":[{"start":{"line":38,"column":8},"end":{"line":44,"column":null}},{"start":{},"end":{}}],"line":38},"2":{"loc":{"start":{"line":51,"column":8},"end":{"line":56,"column":null}},"type":"if","locations":[{"start":{"line":51,"column":8},"end":{"line":56,"column":null}},{"start":{},"end":{}}],"line":51},"3":{"loc":{"start":{"line":91,"column":8},"end":{"line":96,"column":null}},"type":"if","locations":[{"start":{"line":91,"column":8},"end":{"line":96,"column":null}},{"start":{},"end":{}}],"line":91},"4":{"loc":{"start":{"line":123,"column":8},"end":{"line":129,"column":null}},"type":"if","locations":[{"start":{"line":123,"column":8},"end":{"line":129,"column":null}},{"start":{},"end":{}}],"line":123},"5":{"loc":{"start":{"line":131,"column":8},"end":{"line":138,"column":null}},"type":"if","locations":[{"start":{"line":131,"column":8},"end":{"line":138,"column":null}},{"start":{},"end":{}}],"line":131},"6":{"loc":{"start":{"line":156,"column":8},"end":{"line":162,"column":null}},"type":"if","locations":[{"start":{"line":156,"column":8},"end":{"line":162,"column":null}},{"start":{},"end":{}}],"line":156}},"s":{"0":1,"1":2,"2":2,"3":1,"4":1,"5":1,"6":1,"7":3,"8":3,"9":3,"10":1,"11":2,"12":2,"13":2,"14":1,"15":1,"16":1,"17":1,"18":1,"19":1,"20":2,"21":2,"22":2,"23":1,"24":1,"25":0,"26":0,"27":4,"28":4,"29":4,"30":1,"31":3,"32":1,"33":1,"34":2,"35":2,"36":2,"37":2,"38":2,"39":2,"40":2,"41":1,"42":1,"43":1},"f":{"0":2,"1":3,"2":2,"3":0,"4":4},"b":{"0":[1,1],"1":[1,2],"2":[1,1],"3":[1,1],"4":[1,3],"5":[1,2],"6":[1,1]},"meta":{"lastBranch":7,"lastFunction":5,"lastStatement":44,"seen":{"s:6:21:180:Infinity":0,"f:7:12:7:Infinity":0,"s:11:23:11:Infinity":1,"b:13:8:18:Infinity:undefined:undefined:undefined:undefined":0,"s:13:8:18:Infinity":2,"s:14:12:18:Infinity":3,"s:20:21:20:Infinity":4,"s:21:35:21:Infinity":5,"s:23:8:28:Infinity":6,"f:31:11:31:Infinity":1,"s:35:23:35:Infinity":7,"s:36:21:36:Infinity":8,"b:38:8:44:Infinity:undefined:undefined:undefined:undefined":1,"s:38:8:44:Infinity":9,"s:39:12:43:Infinity":10,"s:46:31:49:Infinity":11,"b:51:8:56:Infinity:undefined:undefined:undefined:undefined":2,"s:51:8:56:Infinity":12,"s:52:12:56:Infinity":13,"s:58:28:62:Infinity":14,"s:64:29:64:Infinity":15,"s:65:33:65:Infinity":16,"s:66:26:66:Infinity":17,"s:68:8:68:Infinity":18,"s:69:8:82:Infinity":19,"f:85:8:85:Infinity":2,"s:88:23:88:Infinity":20,"s:89:21:89:Infinity":21,"b:91:8:96:Infinity:undefined:undefined:undefined:undefined":3,"s:91:8:96:Infinity":22,"s:92:12:96:Infinity":23,"s:98:8:107:Infinity":24,"f:110:12:110:19":3,"s:111:26:111:Infinity":25,"s:112:8:112:Infinity":26,"f:115:13:115:Infinity":4,"s:119:12:119:Infinity":27,"s:121:22:121:Infinity":28,"b:123:8:129:Infinity:undefined:undefined:undefined:undefined":4,"s:123:8:129:Infinity":29,"s:124:12:128:Infinity":30,"b:131:8:138:Infinity:undefined:undefined:undefined:undefined":5,"s:131:8:138:Infinity":31,"s:132:12:132:Infinity":32,"s:133:12:137:Infinity":33,"s:141:8:141:Infinity":34,"s:143:32:143:Infinity":35,"s:144:36:144:Infinity":36,"s:146:38:146:Infinity":37,"s:148:8:152:Infinity":38,"s:154:21:154:Infinity":39,"b:156:8:162:Infinity:undefined:undefined:undefined:undefined":6,"s:156:8:162:Infinity":40,"s:157:12:161:Infinity":41,"s:164:28:168:Infinity":42,"s:170:8:178:Infinity":43}}}
,"/home/sohammitra/projects/authentication/server/src/modules/admin/admin.middleware.ts": {"path":"/home/sohammitra/projects/authentication/server/src/modules/admin/admin.middleware.ts","statementMap":{"0":{"start":{"line":5,"column":24},"end":{"line":23,"column":null}},"1":{"start":{"line":7,"column":8},"end":{"line":21,"column":null}},"2":{"start":{"line":8,"column":29},"end":{"line":8,"column":null}},"3":{"start":{"line":10,"column":12},"end":{"line":11,"column":null}},"4":{"start":{"line":11,"column":16},"end":{"line":11,"column":null}},"5":{"start":{"line":13,"column":12},"end":{"line":18,"column":null}},"6":{"start":{"line":14,"column":16},"end":{"line":18,"column":null}},"7":{"start":{"line":20,"column":12},"end":{"line":20,"column":null}}},"fnMap":{"0":{"name":"(anonymous_0)","decl":{"start":{"line":6,"column":17},"end":{"line":6,"column":18}},"loc":{"start":{"line":6,"column":37},"end":{"line":22,"column":null}},"line":6},"1":{"name":"(anonymous_1)","decl":{"start":{"line":7,"column":15},"end":{"line":7,"column":16}},"loc":{"start":{"line":7,"column":68},"end":{"line":21,"column":null}},"line":7}},"branchMap":{"0":{"loc":{"start":{"line":10,"column":12},"end":{"line":11,"column":null}},"type":"if","locations":[{"start":{"line":10,"column":12},"end":{"line":11,"column":null}},{"start":{},"end":{}}],"line":10},"1":{"loc":{"start":{"line":13,"column":12},"end":{"line":18,"column":null}},"type":"if","locations":[{"start":{"line":13,"column":12},"end":{"line":18,"column":null}},{"start":{},"end":{}}],"line":13}},"s":{"0":1,"1":3,"2":3,"3":3,"4":1,"5":2,"6":2,"7":1},"f":{"0":3,"1":3},"b":{"0":[1,2],"1":[1,1]},"meta":{"lastBranch":2,"lastFunction":2,"lastStatement":8,"seen":{"s:5:24:23:Infinity":0,"f:6:17:6:18":0,"s:7:8:21:Infinity":1,"f:7:15:7:16":1,"s:8:29:8:Infinity":2,"b:10:12:11:Infinity:undefined:undefined:undefined:undefined":0,"s:10:12:11:Infinity":3,"s:11:16:11:Infinity":4,"b:13:12:18:Infinity:undefined:undefined:undefined:undefined":1,"s:13:12:18:Infinity":5,"s:14:16:18:Infinity":6,"s:20:12:20:Infinity":7}}}
,"/home/sohammitra/projects/authentication/server/src/modules/admin/admin.services.ts": {"path":"/home/sohammitra/projects/authentication/server/src/modules/admin/admin.services.ts","statementMap":{"0":{"start":{"line":4,"column":22},"end":{"line":73,"column":null}},"1":{"start":{"line":6,"column":27},"end":{"line":6,"column":null}},"2":{"start":{"line":8,"column":8},"end":{"line":14,"column":null}},"3":{"start":{"line":9,"column":12},"end":{"line":14,"column":null}},"4":{"start":{"line":16,"column":8},"end":{"line":21,"column":null}},"5":{"start":{"line":25,"column":34},"end":{"line":25,"column":null}},"6":{"start":{"line":27,"column":8},"end":{"line":33,"column":null}},"7":{"start":{"line":28,"column":12},"end":{"line":33,"column":null}},"8":{"start":{"line":35,"column":33},"end":{"line":35,"column":null}},"9":{"start":{"line":36,"column":8},"end":{"line":41,"column":null}},"10":{"start":{"line":45,"column":27},"end":{"line":45,"column":null}},"11":{"start":{"line":47,"column":8},"end":{"line":52,"column":null}},"12":{"start":{"line":56,"column":29},"end":{"line":56,"column":null}},"13":{"start":{"line":57,"column":8},"end":{"line":62,"column":null}},"14":{"start":{"line":58,"column":12},"end":{"line":62,"column":null}},"15":{"start":{"line":64,"column":31},"end":{"line":64,"column":null}},"16":{"start":{"line":66,"column":8},"end":{"line":71,"column":null}}},"fnMap":{"0":{"name":"(anonymous_0)","decl":{"start":{"line":5,"column":14},"end":{"line":5,"column":26}},"loc":{"start":{"line":5,"column":26},"end":{"line":22,"column":null}},"line":5},"1":{"name":"(anonymous_1)","decl":{"start":{"line":24,"column":16},"end":{"line":24,"column":23}},"loc":{"start":{"line":24,"column":55},"end":{"line":42,"column":null}},"line":24},"2":{"name":"(anonymous_2)","decl":{"start":{"line":44,"column":16},"end":{"line":44,"column":23}},"loc":{"start":{"line":44,"column":79},"end":{"line":53,"column":null}},"line":44},"3":{"name":"(anonymous_3)","decl":{"start":{"line":55,"column":16},"end":{"line":55,"column":23}},"loc":{"start":{"line":55,"column":38},"end":{"line":72,"column":null}},"line":55}},"branchMap":{"0":{"loc":{"start":{"line":8,"column":8},"end":{"line":14,"column":null}},"type":"if","locations":[{"start":{"line":8,"column":8},"end":{"line":14,"column":null}},{"start":{},"end":{}}],"line":8},"1":{"loc":{"start":{"line":27,"column":8},"end":{"line":33,"column":null}},"type":"if","locations":[{"start":{"line":27,"column":8},"end":{"line":33,"column":null}},{"start":{},"end":{}}],"line":27},"2":{"loc":{"start":{"line":57,"column":8},"end":{"line":62,"column":null}},"type":"if","locations":[{"start":{"line":57,"column":8},"end":{"line":62,"column":null}},{"start":{},"end":{}}],"line":57}},"s":{"0":1,"1":2,"2":2,"3":1,"4":1,"5":2,"6":2,"7":1,"8":1,"9":1,"10":1,"11":1,"12":2,"13":2,"14":1,"15":1,"16":1},"f":{"0":2,"1":2,"2":1,"3":2},"b":{"0":[1,1],"1":[1,1],"2":[1,1]},"meta":{"lastBranch":3,"lastFunction":4,"lastStatement":17,"seen":{"s:4:22:73:Infinity":0,"f:5:14:5:26":0,"s:6:27:6:Infinity":1,"b:8:8:14:Infinity:undefined:undefined:undefined:undefined":0,"s:8:8:14:Infinity":2,"s:9:12:14:Infinity":3,"s:16:8:21:Infinity":4,"f:24:16:24:23":1,"s:25:34:25:Infinity":5,"b:27:8:33:Infinity:undefined:undefined:undefined:undefined":1,"s:27:8:33:Infinity":6,"s:28:12:33:Infinity":7,"s:35:33:35:Infinity":8,"s:36:8:41:Infinity":9,"f:44:16:44:23":2,"s:45:27:45:Infinity":10,"s:47:8:52:Infinity":11,"f:55:16:55:23":3,"s:56:29:56:Infinity":12,"b:57:8:62:Infinity:undefined:undefined:undefined:undefined":2,"s:57:8:62:Infinity":13,"s:58:12:62:Infinity":14,"s:64:31:64:Infinity":15,"s:66:8:71:Infinity":16}}}
,"/home/sohammitra/projects/authentication/server/src/shared/shared.middleware.ts": {"path":"/home/sohammitra/projects/authentication/server/src/shared/shared.middleware.ts","statementMap":{"0":{"start":{"line":5,"column":25},"end":{"line":21,"column":null}},"1":{"start":{"line":7,"column":8},"end":{"line":19,"column":null}},"2":{"start":{"line":8,"column":27},"end":{"line":8,"column":null}},"3":{"start":{"line":10,"column":12},"end":{"line":15,"column":null}},"4":{"start":{"line":11,"column":16},"end":{"line":14,"column":null}},"5":{"start":{"line":17,"column":12},"end":{"line":17,"column":null}},"6":{"start":{"line":18,"column":12},"end":{"line":18,"column":null}}},"fnMap":{"0":{"name":"(anonymous_0)","decl":{"start":{"line":6,"column":18},"end":{"line":6,"column":19}},"loc":{"start":{"line":6,"column":39},"end":{"line":20,"column":null}},"line":6},"1":{"name":"(anonymous_1)","decl":{"start":{"line":7,"column":15},"end":{"line":7,"column":16}},"loc":{"start":{"line":7,"column":68},"end":{"line":19,"column":null}},"line":7}},"branchMap":{"0":{"loc":{"start":{"line":10,"column":12},"end":{"line":15,"column":null}},"type":"if","locations":[{"start":{"line":10,"column":12},"end":{"line":15,"column":null}},{"start":{},"end":{}}],"line":10}},"s":{"0":1,"1":2,"2":2,"3":2,"4":1,"5":1,"6":1},"f":{"0":2,"1":2},"b":{"0":[1,1]},"meta":{"lastBranch":1,"lastFunction":2,"lastStatement":7,"seen":{"s:5:25:21:Infinity":0,"f:6:18:6:19":0,"s:7:8:19:Infinity":1,"f:7:15:7:16":1,"s:8:27:8:Infinity":2,"b:10:12:15:Infinity:undefined:undefined:undefined:undefined":0,"s:10:12:15:Infinity":3,"s:11:16:14:Infinity":4,"s:17:12:17:Infinity":5,"s:18:12:18:Infinity":6}}}
}
