{"D:\\express-ts-lab\\p_2_frontend_intigration\\server\\src\\modules\\auth\\auth.middleware.ts": {"path":"D:\\express-ts-lab\\p_2_frontend_intigration\\server\\src\\modules\\auth\\auth.middleware.ts","statementMap":{"0":{"start":{"line":5,"column":23},"end":{"line":21,"column":null}},"1":{"start":{"line":7,"column":8},"end":{"line":19,"column":null}},"2":{"start":{"line":8,"column":27},"end":{"line":8,"column":null}},"3":{"start":{"line":10,"column":12},"end":{"line":15,"column":null}},"4":{"start":{"line":11,"column":16},"end":{"line":14,"column":null}},"5":{"start":{"line":17,"column":12},"end":{"line":17,"column":null}},"6":{"start":{"line":18,"column":12},"end":{"line":18,"column":null}}},"fnMap":{"0":{"name":"(anonymous_0)","decl":{"start":{"line":6,"column":21},"end":{"line":6,"column":22}},"loc":{"start":{"line":6,"column":42},"end":{"line":20,"column":null}},"line":6},"1":{"name":"(anonymous_1)","decl":{"start":{"line":7,"column":15},"end":{"line":7,"column":16}},"loc":{"start":{"line":7,"column":68},"end":{"line":19,"column":null}},"line":7}},"branchMap":{"0":{"loc":{"start":{"line":10,"column":12},"end":{"line":15,"column":null}},"type":"if","locations":[{"start":{"line":10,"column":12},"end":{"line":15,"column":null}},{"start":{},"end":{}}],"line":10}},"s":{"0":1,"1":2,"2":2,"3":2,"4":1,"5":1,"6":1},"f":{"0":2,"1":2},"b":{"0":[1,1]},"meta":{"lastBranch":1,"lastFunction":2,"lastStatement":7,"seen":{"s:5:23:21:Infinity":0,"f:6:21:6:22":0,"s:7:8:19:Infinity":1,"f:7:15:7:16":1,"s:8:27:8:Infinity":2,"b:10:12:15:Infinity:undefined:undefined:undefined:undefined":0,"s:10:12:15:Infinity":3,"s:11:16:14:Infinity":4,"s:17:12:17:Infinity":5,"s:18:12:18:Infinity":6}}}
}
